2019-04-24 07:54:49.221  INFO 81500 --- [main] c.l.g.service.ServletInitializer         : Starting ServletInitializer on ITG-MBP-000930.local with PID 81500 (/Users/anthonycavanagh/workdev/ResearchAndDev/googlecloud/typewebserice/target/typewebservice-1.0-SNAPSHOT/WEB-INF/classes started by anthonycavanagh in /Users/anthonycavanagh/workdev/ResearchAndDev/googlecloud/typewebserice/target/typewebservice-1.0-SNAPSHOT)
2019-04-24 07:54:49.232 DEBUG 81500 --- [main] c.l.g.service.ServletInitializer         : Running with Spring Boot v2.0.4.RELEASE, Spring v5.0.8.RELEASE
2019-04-24 07:54:49.236  INFO 81500 --- [main] c.l.g.service.ServletInitializer         : No active profile set, falling back to default profiles: default
2019-04-24 07:54:51.768  INFO 81500 --- [main] c.l.g.service.ServletInitializer         : Started ServletInitializer in 3.206 seconds (JVM running for 5.529)
2019-04-24 07:59:25.424  INFO 81500 --- [qtp94345706-88] c.l.g.s.controller.TypeWebController     : Find Type 11102
2019-04-24 07:59:25.425  INFO 81500 --- [qtp94345706-88] c.l.g.s.datastore.DataStoreServiceImpl   : Search typestore for  type 11102
2019-04-24 07:59:26.164  INFO 81500 --- [qtp94345706-88] c.l.g.s.datastore.DataStoreServiceImpl   : No type for 11102
2019-04-24 07:59:26.164  INFO 81500 --- [qtp94345706-88] c.l.g.s.datastore.DataStoreServiceImpl   : Returning  Type [id=null, name=null, parentId=[]]
2019-04-24 07:59:26.164  INFO 81500 --- [qtp94345706-88] c.l.g.s.controller.TypeWebController     : Return Type Type [id=null, name=null, parentId=[]]
2019-04-24 07:59:31.272  INFO 81500 --- [qtp94345706-22] c.l.g.s.controller.TypeWebController     : Find fields  for Type 111001
2019-04-24 07:59:31.273  INFO 81500 --- [qtp94345706-22] c.l.g.s.datastore.DataStoreServiceImpl   : Finding fields for 111001
2019-04-24 10:10:00.433  INFO 83256 --- [main] c.l.g.service.ServletInitializer         : Starting ServletInitializer on ITG-MBP-000930.local with PID 83256 (/Users/anthonycavanagh/workdev/ResearchAndDev/googlecloud/typewebserice/target/typewebservice-1.0-SNAPSHOT/WEB-INF/classes started by anthonycavanagh in /Users/anthonycavanagh/workdev/ResearchAndDev/googlecloud/typewebserice/target/typewebservice-1.0-SNAPSHOT)
2019-04-24 10:10:00.438 DEBUG 83256 --- [main] c.l.g.service.ServletInitializer         : Running with Spring Boot v2.0.4.RELEASE, Spring v5.0.8.RELEASE
2019-04-24 10:10:00.440  INFO 83256 --- [main] c.l.g.service.ServletInitializer         : No active profile set, falling back to default profiles: default
2019-04-24 10:10:02.555  INFO 83256 --- [main] c.l.g.service.ServletInitializer         : Started ServletInitializer in 2.624 seconds (JVM running for 4.495)
2019-04-24 10:11:11.450  INFO 83256 --- [qtp94345706-47] c.l.g.s.controller.TypeWebController     : Find Type 11101
2019-04-24 10:11:11.450  INFO 83256 --- [qtp94345706-47] c.l.g.s.datastore.DataStoreServiceImpl   : Search typestore for  type 11101
2019-04-24 10:11:12.133  INFO 83256 --- [qtp94345706-47] c.l.g.s.datastore.DataStoreServiceImpl   : No type for 11101
2019-04-24 10:11:12.133  INFO 83256 --- [qtp94345706-47] c.l.g.s.datastore.DataStoreServiceImpl   : Returning  Type [id=null, name=null, parentId=[]]
2019-04-24 10:11:12.133  INFO 83256 --- [qtp94345706-47] c.l.g.s.controller.TypeWebController     : Return Type Type [id=null, name=null, parentId=[]]
2019-04-24 10:11:51.417  INFO 83256 --- [qtp94345706-25] c.l.g.s.controller.TypeWebController     : Find Type 100
2019-04-24 10:11:51.417  INFO 83256 --- [qtp94345706-25] c.l.g.s.datastore.DataStoreServiceImpl   : Search typestore for  type 100
2019-04-24 10:11:51.604  INFO 83256 --- [qtp94345706-25] c.l.g.s.datastore.DataStoreServiceImpl   : Returning  Type [id=100, name=Top Project, parentId=[]]
2019-04-24 10:11:51.604  INFO 83256 --- [qtp94345706-25] c.l.g.s.controller.TypeWebController     : Return Type Type [id=100, name=Top Project, parentId=[]]
2019-04-24 10:13:13.390  INFO 83256 --- [qtp94345706-23] c.l.g.s.controller.TypeWebController     : Find Type 100
2019-04-24 10:13:13.390  INFO 83256 --- [qtp94345706-23] c.l.g.s.datastore.DataStoreServiceImpl   : Search typestore for  type 100
2019-04-24 10:13:13.483  INFO 83256 --- [qtp94345706-23] c.l.g.s.datastore.DataStoreServiceImpl   : Returning  Type [id=100, name=Top Project, parentId=[]]
2019-04-24 10:13:13.483  INFO 83256 --- [qtp94345706-23] c.l.g.s.controller.TypeWebController     : Return Type Type [id=100, name=Top Project, parentId=[]]
2019-04-24 10:17:31.105  INFO 83417 --- [main] c.l.g.service.ServletInitializer         : Starting ServletInitializer on ITG-MBP-000930.local with PID 83417 (/Users/anthonycavanagh/workdev/ResearchAndDev/googlecloud/typewebserice/target/typewebservice-1.0-SNAPSHOT/WEB-INF/classes started by anthonycavanagh in /Users/anthonycavanagh/workdev/ResearchAndDev/googlecloud/typewebserice/target/typewebservice-1.0-SNAPSHOT)
2019-04-24 10:17:31.112 DEBUG 83417 --- [main] c.l.g.service.ServletInitializer         : Running with Spring Boot v2.0.4.RELEASE, Spring v5.0.8.RELEASE
2019-04-24 10:17:31.114  INFO 83417 --- [main] c.l.g.service.ServletInitializer         : No active profile set, falling back to default profiles: default
2019-04-24 10:17:33.244  INFO 83417 --- [main] c.l.g.service.ServletInitializer         : Started ServletInitializer in 2.592 seconds (JVM running for 4.335)
2019-04-24 10:18:03.371  INFO 83417 --- [qtp94345706-19] c.l.g.s.controller.TypeWebController     : Find Type 100
2019-04-24 10:18:03.371  INFO 83417 --- [qtp94345706-19] c.l.g.s.datastore.DataStoreServiceImpl   : Search typestore for  type 100
2019-04-24 10:18:04.048  INFO 83417 --- [qtp94345706-19] c.l.g.s.datastore.DataStoreServiceImpl   : Returning  Type [id=100, name=Top Project, parentId=[]]
2019-04-24 10:18:04.048  INFO 83417 --- [qtp94345706-19] c.l.g.s.controller.TypeWebController     : Return Type Type [id=100, name=Top Project, parentId=[]]
2019-04-24 10:19:33.456  INFO 83417 --- [qtp94345706-44] c.l.g.s.controller.TypeWebController     : Find fields  for Type 111001
2019-04-24 10:19:33.457  INFO 83417 --- [qtp94345706-44] c.l.g.s.datastore.DataStoreServiceImpl   : Finding fields for 111001
2019-04-24 10:19:55.310  INFO 83417 --- [qtp94345706-25] c.l.g.s.controller.TypeWebController     : Find Type 111001
2019-04-24 10:19:55.311  INFO 83417 --- [qtp94345706-25] c.l.g.s.datastore.DataStoreServiceImpl   : Search typestore for  type 111001
2019-04-24 10:19:55.377  INFO 83417 --- [qtp94345706-25] c.l.g.s.datastore.DataStoreServiceImpl   : Returning  Type [id=111001, name=1110011, parentId=[]]
2019-04-24 10:19:55.377  INFO 83417 --- [qtp94345706-25] c.l.g.s.controller.TypeWebController     : Return Type Type [id=111001, name=1110011, parentId=[]]
2019-04-24 10:20:15.875  INFO 83417 --- [qtp94345706-29] c.l.g.s.controller.TypeWebController     : Find Type 111002
2019-04-24 10:20:15.875  INFO 83417 --- [qtp94345706-29] c.l.g.s.datastore.DataStoreServiceImpl   : Search typestore for  type 111002
2019-04-24 10:20:15.995  INFO 83417 --- [qtp94345706-29] c.l.g.s.datastore.DataStoreServiceImpl   : No type for 111002
2019-04-24 10:20:15.996  INFO 83417 --- [qtp94345706-29] c.l.g.s.datastore.DataStoreServiceImpl   : Returning  Type [id=null, name=null, parentId=[]]
2019-04-24 10:20:15.996  INFO 83417 --- [qtp94345706-29] c.l.g.s.controller.TypeWebController     : Return Type Type [id=null, name=null, parentId=[]]
2019-04-24 10:20:21.336  INFO 83417 --- [qtp94345706-66] c.l.g.s.controller.TypeWebController     : Find Type 111002
2019-04-24 10:20:21.337  INFO 83417 --- [qtp94345706-66] c.l.g.s.datastore.DataStoreServiceImpl   : Search typestore for  type 111002
2019-04-24 10:20:21.442  INFO 83417 --- [qtp94345706-66] c.l.g.s.datastore.DataStoreServiceImpl   : No type for 111002
2019-04-24 10:20:21.442  INFO 83417 --- [qtp94345706-66] c.l.g.s.datastore.DataStoreServiceImpl   : Returning  Type [id=null, name=null, parentId=[]]
2019-04-24 10:20:21.442  INFO 83417 --- [qtp94345706-66] c.l.g.s.controller.TypeWebController     : Return Type Type [id=null, name=null, parentId=[]]
2019-04-24 10:20:28.943  INFO 83417 --- [qtp94345706-29] c.l.g.s.controller.TypeWebController     : Find Type 111001
2019-04-24 10:20:28.943  INFO 83417 --- [qtp94345706-29] c.l.g.s.datastore.DataStoreServiceImpl   : Search typestore for  type 111001
2019-04-24 10:20:29.017  INFO 83417 --- [qtp94345706-29] c.l.g.s.datastore.DataStoreServiceImpl   : Returning  Type [id=111001, name=1110011, parentId=[]]
2019-04-24 10:20:29.017  INFO 83417 --- [qtp94345706-29] c.l.g.s.controller.TypeWebController     : Return Type Type [id=111001, name=1110011, parentId=[]]
2019-04-24 10:20:45.913  INFO 83417 --- [qtp94345706-66] c.l.g.s.controller.TypeWebController     : Find fields  for Type 100
2019-04-24 10:20:45.914  INFO 83417 --- [qtp94345706-66] c.l.g.s.datastore.DataStoreServiceImpl   : Finding fields for 100
2019-04-24 10:20:46.004  INFO 83417 --- [qtp94345706-66] c.l.g.s.datastore.DataStoreServiceImpl   : No fields  for 100
2019-04-24 10:20:48.902  INFO 83417 --- [qtp94345706-29] c.l.g.s.controller.TypeWebController     : Find fields  for Type 100
2019-04-24 10:20:48.903  INFO 83417 --- [qtp94345706-29] c.l.g.s.datastore.DataStoreServiceImpl   : Finding fields for 100
2019-04-24 10:20:48.990  INFO 83417 --- [qtp94345706-29] c.l.g.s.datastore.DataStoreServiceImpl   : No fields  for 100
2019-04-24 10:23:55.165  INFO 83417 --- [qtp94345706-28] c.l.g.s.controller.TypeWebController     : Find Type 100
2019-04-24 10:23:55.166  INFO 83417 --- [qtp94345706-28] c.l.g.s.datastore.DataStoreServiceImpl   : Search typestore for  type 100
2019-04-24 10:23:55.341  INFO 83417 --- [qtp94345706-28] c.l.g.s.datastore.DataStoreServiceImpl   : Returning  Type [id=100, name=Top Project, parentId=[]]
2019-04-24 10:23:55.341  INFO 83417 --- [qtp94345706-28] c.l.g.s.controller.TypeWebController     : Return Type Type [id=100, name=Top Project, parentId=[]]
2019-04-24 10:33:56.302  INFO 83737 --- [main] c.l.g.service.ServletInitializer         : Starting ServletInitializer on ITG-MBP-000930.local with PID 83737 (/Users/anthonycavanagh/workdev/ResearchAndDev/googlecloud/typewebserice/target/typewebservice-1.0-SNAPSHOT/WEB-INF/classes started by anthonycavanagh in /Users/anthonycavanagh/workdev/ResearchAndDev/googlecloud/typewebserice/target/typewebservice-1.0-SNAPSHOT)
2019-04-24 10:33:56.310 DEBUG 83737 --- [main] c.l.g.service.ServletInitializer         : Running with Spring Boot v2.0.4.RELEASE, Spring v5.0.8.RELEASE
2019-04-24 10:33:56.312  INFO 83737 --- [main] c.l.g.service.ServletInitializer         : No active profile set, falling back to default profiles: default
2019-04-24 10:33:58.379  INFO 83737 --- [main] c.l.g.service.ServletInitializer         : Started ServletInitializer in 2.552 seconds (JVM running for 4.158)
2019-04-24 10:35:07.056  INFO 83737 --- [qtp94345706-47] c.l.g.s.controller.TypeWebController     : Find Type 100
2019-04-24 10:35:07.056  INFO 83737 --- [qtp94345706-47] c.l.g.s.datastore.DataStoreServiceImpl   : Search typestore for  type 100
2019-04-24 10:35:08.021  INFO 83737 --- [qtp94345706-47] c.l.g.s.datastore.DataStoreServiceImpl   : Returning  Type [id=100, name=Top Project, parentId=[]]
2019-04-24 10:35:08.022  INFO 83737 --- [qtp94345706-47] c.l.g.s.controller.TypeWebController     : Return Type Type [id=100, name=Top Project, parentId=[]]
2019-04-24 10:35:39.668  INFO 83737 --- [qtp94345706-20] c.l.g.s.controller.TypeWebController     : Creating Template for Fields [id=100, fields=[Field [Id=1001, primitive=String, name=Field 1, options=option 1]]]
2019-04-24 10:35:39.668  INFO 83737 --- [qtp94345706-20] c.l.g.s.datastore.DataStoreServiceImpl   : Creating for Fields [id=100, fields=[Field [Id=1001, primitive=String, name=Field 1, options=option 1]]]
2019-04-24 10:35:39.818  INFO 83737 --- [qtp94345706-20] c.l.g.s.datastore.DataStoreServiceImpl   : No type for 100
2019-04-24 10:36:28.289  INFO 83737 --- [qtp94345706-25] c.l.g.s.controller.TypeWebController     : Find fields  for Type 100
2019-04-24 10:36:28.289  INFO 83737 --- [qtp94345706-25] c.l.g.s.datastore.DataStoreServiceImpl   : Finding fields for 100
2019-04-24 10:55:25.981  INFO 84054 --- [main] c.l.g.service.ServletInitializer         : Starting ServletInitializer on ITG-MBP-000930.local with PID 84054 (/Users/anthonycavanagh/workdev/ResearchAndDev/googlecloud/typewebserice/target/typewebservice-1.0-SNAPSHOT/WEB-INF/classes started by anthonycavanagh in /Users/anthonycavanagh/workdev/ResearchAndDev/googlecloud/typewebserice/target/typewebservice-1.0-SNAPSHOT)
2019-04-24 10:55:25.997 DEBUG 84054 --- [main] c.l.g.service.ServletInitializer         : Running with Spring Boot v2.0.4.RELEASE, Spring v5.0.8.RELEASE
2019-04-24 10:55:26.001  INFO 84054 --- [main] c.l.g.service.ServletInitializer         : No active profile set, falling back to default profiles: default
2019-04-24 10:55:29.105  INFO 84054 --- [main] c.l.g.service.ServletInitializer         : Started ServletInitializer in 3.755 seconds (JVM running for 5.736)
2019-04-24 10:55:42.676  INFO 84054 --- [qtp94345706-21] c.l.g.s.controller.TypeWebController     : Find Type 100
2019-04-24 10:55:42.677  INFO 84054 --- [qtp94345706-21] c.l.g.s.datastore.DataStoreServiceImpl   : Search typestore for  type 100
2019-04-24 10:55:43.550  INFO 84054 --- [qtp94345706-21] c.l.g.s.datastore.DataStoreServiceImpl   : Returning  Type [id=100, name=Top Project, parentId=[]]
2019-04-24 10:55:43.550  INFO 84054 --- [qtp94345706-21] c.l.g.s.controller.TypeWebController     : Return Type Type [id=100, name=Top Project, parentId=[]]
2019-04-24 10:55:43.625  INFO 84054 --- [qtp94345706-20] c.l.g.s.controller.TypeWebController     : Find fields  for Type FieldsByTypesRequests [subTypeId=100, typeIds=[]]
2019-04-24 10:55:43.625  INFO 84054 --- [qtp94345706-20] c.l.g.s.datastore.DataStoreServiceImpl   : Finding fields for FieldsByTypesRequests [subTypeId=100, typeIds=[]]
2019-04-24 12:06:00.055  INFO 84750 --- [main] c.l.g.service.ServletInitializer         : Starting ServletInitializer on ITG-MBP-000930.local with PID 84750 (/Users/anthonycavanagh/workdev/ResearchAndDev/googlecloud/typewebserice/target/typewebservice-1.0-SNAPSHOT/WEB-INF/classes started by anthonycavanagh in /Users/anthonycavanagh/workdev/ResearchAndDev/googlecloud/typewebserice/target/typewebservice-1.0-SNAPSHOT)
2019-04-24 12:06:00.059 DEBUG 84750 --- [main] c.l.g.service.ServletInitializer         : Running with Spring Boot v2.0.4.RELEASE, Spring v5.0.8.RELEASE
2019-04-24 12:06:00.064  INFO 84750 --- [main] c.l.g.service.ServletInitializer         : No active profile set, falling back to default profiles: default
2019-04-24 12:06:02.078  INFO 84750 --- [main] c.l.g.service.ServletInitializer         : Started ServletInitializer in 2.527 seconds (JVM running for 4.14)
2019-04-24 12:06:26.993  INFO 84750 --- [qtp94345706-23] c.l.g.s.controller.TypeWebController     : Find Type 100
2019-04-24 12:06:26.993  INFO 84750 --- [qtp94345706-23] c.l.g.s.datastore.DataStoreServiceImpl   : Search typestore for  type 100
2019-04-24 12:06:27.667  INFO 84750 --- [qtp94345706-23] c.l.g.s.datastore.DataStoreServiceImpl   : Returning  Type [id=100, name=Top Project, parentId=[]]
2019-04-24 12:06:27.667  INFO 84750 --- [qtp94345706-23] c.l.g.s.controller.TypeWebController     : Return Type Type [id=100, name=Top Project, parentId=[]]
2019-04-24 12:06:27.748  INFO 84750 --- [qtp94345706-24] c.l.g.s.controller.TypeWebController     : Find fields  for Type FieldsByTypesRequests [subTypeId=100, typeIds=[]]
2019-04-24 12:06:27.748  INFO 84750 --- [qtp94345706-24] c.l.g.s.datastore.DataStoreServiceImpl   : Finding fields for FieldsByTypesRequests [subTypeId=100, typeIds=[]]
2019-04-24 12:35:49.995  INFO 84750 --- [qtp94345706-412] c.l.g.s.controller.TypeWebController     : Creating Template for CreateTypeTemplate [id=200, type=Type [id=200, name=SubProject, parentId=[]]]
2019-04-24 12:35:49.996  INFO 84750 --- [qtp94345706-412] c.l.g.s.datastore.DataStoreServiceImpl   : Creating for Type [id=200, name=SubProject, parentId=[]]
2019-04-24 12:35:50.112  INFO 84750 --- [qtp94345706-412] c.l.g.s.datastore.DataStoreServiceImpl   : No   parent 200
2019-04-24 12:35:50.112  INFO 84750 --- [qtp94345706-412] c.l.g.s.datastore.DataStoreServiceImpl   : Saving enity TypeTemplate [id=200, name=SubProject, parentId=[]]
2019-04-24 12:43:46.315  INFO 84750 --- [qtp94345706-508] c.l.g.s.controller.TypeWebController     : Find Type 200
2019-04-24 12:43:46.316  INFO 84750 --- [qtp94345706-508] c.l.g.s.datastore.DataStoreServiceImpl   : Search typestore for  type 200
2019-04-24 12:43:46.429  INFO 84750 --- [qtp94345706-508] c.l.g.s.datastore.DataStoreServiceImpl   : Returning  Type [id=200, name=SubProject, parentId=[]]
2019-04-24 12:43:46.429  INFO 84750 --- [qtp94345706-508] c.l.g.s.controller.TypeWebController     : Return Type Type [id=200, name=SubProject, parentId=[]]
2019-04-24 12:43:46.450  INFO 84750 --- [qtp94345706-25] c.l.g.s.controller.TypeWebController     : Find fields  for Type FieldsByTypesRequests [subTypeId=200, typeIds=[]]
2019-04-24 12:43:46.450  INFO 84750 --- [qtp94345706-25] c.l.g.s.datastore.DataStoreServiceImpl   : Finding fields for FieldsByTypesRequests [subTypeId=200, typeIds=[]]
2019-04-24 13:14:07.939  INFO 86003 --- [main] c.l.g.service.ServletInitializer         : Starting ServletInitializer on ITG-MBP-000930.local with PID 86003 (/Users/anthonycavanagh/workdev/ResearchAndDev/googlecloud/typewebserice/target/typewebservice-1.0-SNAPSHOT/WEB-INF/classes started by anthonycavanagh in /Users/anthonycavanagh/workdev/ResearchAndDev/googlecloud/typewebserice/target/typewebservice-1.0-SNAPSHOT)
2019-04-24 13:14:07.947 DEBUG 86003 --- [main] c.l.g.service.ServletInitializer         : Running with Spring Boot v2.0.4.RELEASE, Spring v5.0.8.RELEASE
2019-04-24 13:14:07.950  INFO 86003 --- [main] c.l.g.service.ServletInitializer         : No active profile set, falling back to default profiles: default
2019-04-24 13:14:10.239  INFO 86003 --- [main] c.l.g.service.ServletInitializer         : Started ServletInitializer in 2.836 seconds (JVM running for 4.501)
2019-04-24 13:15:35.872  INFO 86003 --- [qtp94345706-49] c.l.g.s.controller.TypeWebController     : Find Type 100
2019-04-24 13:15:35.872  INFO 86003 --- [qtp94345706-49] c.l.g.s.datastore.DataStoreServiceImpl   : Search typestore for  type 100
2019-04-24 13:15:36.614  INFO 86003 --- [qtp94345706-49] c.l.g.s.datastore.DataStoreServiceImpl   : Returning  Type [id=100, name=Top Project, parentId=[]]
2019-04-24 13:15:36.615  INFO 86003 --- [qtp94345706-49] c.l.g.s.controller.TypeWebController     : Return Type Type [id=100, name=Top Project, parentId=[]]
2019-04-24 13:15:36.688  INFO 86003 --- [qtp94345706-24] c.l.g.s.controller.TypeWebController     : Find fields  for Type FieldsByTypesRequests [subTypeId=100, typeIds=[]]
2019-04-24 13:15:36.688  INFO 86003 --- [qtp94345706-24] c.l.g.s.datastore.DataStoreServiceImpl   : Finding fields for FieldsByTypesRequests [subTypeId=100, typeIds=[]]
2019-04-24 13:16:42.113  INFO 86003 --- [qtp94345706-28] c.l.g.s.controller.TypeWebController     : Creating Template for CreateTypeTemplate [id=110, type=Type [id=110, name=SubProject, parentId=[]]]
2019-04-24 13:16:42.113  INFO 86003 --- [qtp94345706-28] c.l.g.s.datastore.DataStoreServiceImpl   : Creating for Type [id=110, name=SubProject, parentId=[]]
2019-04-24 13:16:42.204  INFO 86003 --- [qtp94345706-28] c.l.g.s.datastore.DataStoreServiceImpl   : No   parent 110
2019-04-24 13:16:42.204  INFO 86003 --- [qtp94345706-28] c.l.g.s.datastore.DataStoreServiceImpl   : Saving enity TypeTemplate [id=110, name=SubProject, parentId=[]]
2019-04-24 13:17:59.408  INFO 86003 --- [qtp94345706-20] c.l.g.s.controller.TypeWebController     : Find Type 200
2019-04-24 13:17:59.408  INFO 86003 --- [qtp94345706-20] c.l.g.s.datastore.DataStoreServiceImpl   : Search typestore for  type 200
2019-04-24 13:17:59.518  INFO 86003 --- [qtp94345706-20] c.l.g.s.datastore.DataStoreServiceImpl   : Returning  Type [id=200, name=SubProject, parentId=[]]
2019-04-24 13:17:59.518  INFO 86003 --- [qtp94345706-20] c.l.g.s.controller.TypeWebController     : Return Type Type [id=200, name=SubProject, parentId=[]]
2019-04-24 13:17:59.545  INFO 86003 --- [qtp94345706-28] c.l.g.s.controller.TypeWebController     : Find fields  for Type FieldsByTypesRequests [subTypeId=200, typeIds=[]]
2019-04-24 13:17:59.545  INFO 86003 --- [qtp94345706-28] c.l.g.s.datastore.DataStoreServiceImpl   : Finding fields for FieldsByTypesRequests [subTypeId=200, typeIds=[]]
2019-04-24 13:27:22.023  INFO 86003 --- [qtp94345706-213] c.l.g.s.controller.TypeWebController     : Find Type 110
2019-04-24 13:27:22.024  INFO 86003 --- [qtp94345706-213] c.l.g.s.datastore.DataStoreServiceImpl   : Search typestore for  type 110
2019-04-24 13:27:22.149  INFO 86003 --- [qtp94345706-213] c.l.g.s.datastore.DataStoreServiceImpl   : Returning  Type [id=110, name=SubProject, parentId=[]]
2019-04-24 13:27:22.149  INFO 86003 --- [qtp94345706-213] c.l.g.s.controller.TypeWebController     : Return Type Type [id=110, name=SubProject, parentId=[]]
2019-04-24 13:27:22.155  INFO 86003 --- [qtp94345706-18] c.l.g.s.controller.TypeWebController     : Find fields  for Type FieldsByTypesRequests [subTypeId=110, typeIds=[]]
2019-04-24 13:27:22.156  INFO 86003 --- [qtp94345706-18] c.l.g.s.datastore.DataStoreServiceImpl   : Finding fields for FieldsByTypesRequests [subTypeId=110, typeIds=[]]
2019-04-24 13:33:05.544  INFO 86403 --- [main] c.l.g.service.ServletInitializer         : Starting ServletInitializer on ITG-MBP-000930.local with PID 86403 (/Users/anthonycavanagh/workdev/ResearchAndDev/googlecloud/typewebserice/target/typewebservice-1.0-SNAPSHOT/WEB-INF/classes started by anthonycavanagh in /Users/anthonycavanagh/workdev/ResearchAndDev/googlecloud/typewebserice/target/typewebservice-1.0-SNAPSHOT)
2019-04-24 13:33:05.548 DEBUG 86403 --- [main] c.l.g.service.ServletInitializer         : Running with Spring Boot v2.0.4.RELEASE, Spring v5.0.8.RELEASE
2019-04-24 13:33:05.550  INFO 86403 --- [main] c.l.g.service.ServletInitializer         : No active profile set, falling back to default profiles: default
2019-04-24 13:33:07.615  INFO 86403 --- [main] c.l.g.service.ServletInitializer         : Started ServletInitializer in 2.586 seconds (JVM running for 4.285)
2019-04-24 13:34:02.987  INFO 86403 --- [qtp94345706-20] c.l.g.s.controller.TypeWebController     : Find Type 100
2019-04-24 13:34:02.987  INFO 86403 --- [qtp94345706-20] c.l.g.s.datastore.DataStoreServiceImpl   : Search typestore for  type 100
2019-04-24 13:34:03.703  INFO 86403 --- [qtp94345706-20] c.l.g.s.datastore.DataStoreServiceImpl   : Returning  Type [id=100, name=Top Project, parentId=[]]
2019-04-24 13:34:03.704  INFO 86403 --- [qtp94345706-20] c.l.g.s.controller.TypeWebController     : Return Type Type [id=100, name=Top Project, parentId=[]]
2019-04-24 13:34:03.775  INFO 86403 --- [qtp94345706-25] c.l.g.s.controller.TypeWebController     : Find fields  for Type FieldsByTypesRequests [subTypeId=100, typeIds=[]]
2019-04-24 13:34:03.775  INFO 86403 --- [qtp94345706-25] c.l.g.s.datastore.DataStoreServiceImpl   : Finding fields for FieldsByTypesRequests [subTypeId=100, typeIds=[]]
2019-04-24 13:34:39.930  INFO 86403 --- [qtp94345706-22] c.l.g.s.controller.TypeWebController     : Creating Template for CreateTypeTemplate [id=120, type=Type [id=120, name=Cavanagh Project 2, parentId=[]]]
2019-04-24 13:34:39.931  INFO 86403 --- [qtp94345706-22] c.l.g.s.datastore.DataStoreServiceImpl   : Creating for Type [id=120, name=Cavanagh Project 2, parentId=[]]
2019-04-24 13:34:39.991  INFO 86403 --- [qtp94345706-22] c.l.g.s.datastore.DataStoreServiceImpl   : No   parent 120
2019-04-24 13:34:39.991  INFO 86403 --- [qtp94345706-22] c.l.g.s.datastore.DataStoreServiceImpl   : Saving enity TypeTemplate [id=120, name=Cavanagh Project 2, parentId=[]]
2019-04-24 13:54:23.901  INFO 86787 --- [main] c.l.g.service.ServletInitializer         : Starting ServletInitializer on ITG-MBP-000930.local with PID 86787 (/Users/anthonycavanagh/workdev/ResearchAndDev/googlecloud/typewebserice/target/typewebservice-1.0-SNAPSHOT/WEB-INF/classes started by anthonycavanagh in /Users/anthonycavanagh/workdev/ResearchAndDev/googlecloud/typewebserice/target/typewebservice-1.0-SNAPSHOT)
2019-04-24 13:54:23.908 DEBUG 86787 --- [main] c.l.g.service.ServletInitializer         : Running with Spring Boot v2.0.4.RELEASE, Spring v5.0.8.RELEASE
2019-04-24 13:54:23.911  INFO 86787 --- [main] c.l.g.service.ServletInitializer         : No active profile set, falling back to default profiles: default
2019-04-24 13:54:26.018  INFO 86787 --- [main] c.l.g.service.ServletInitializer         : Started ServletInitializer in 2.6 seconds (JVM running for 4.248)
2019-04-24 13:55:45.900  INFO 86787 --- [qtp94345706-48] c.l.g.s.controller.TypeWebController     : Find Type 100
2019-04-24 13:55:45.901  INFO 86787 --- [qtp94345706-48] c.l.g.s.datastore.DataStoreServiceImpl   : Search typestore for  type 100
2019-04-24 13:55:46.583  INFO 86787 --- [qtp94345706-48] c.l.g.s.datastore.DataStoreServiceImpl   : Returning  Type [id=100, name=Top Project, parentId=[]]
2019-04-24 13:55:46.583  INFO 86787 --- [qtp94345706-48] c.l.g.s.controller.TypeWebController     : Return Type Type [id=100, name=Top Project, parentId=[]]
2019-04-24 13:55:46.656  INFO 86787 --- [qtp94345706-21] c.l.g.s.controller.TypeWebController     : Find fields  for Type FieldsByTypesRequests [subTypeId=100, typeIds=[]]
2019-04-24 13:55:46.656  INFO 86787 --- [qtp94345706-21] c.l.g.s.datastore.DataStoreServiceImpl   : Finding fields for FieldsByTypesRequests [subTypeId=100, typeIds=[]]
2019-04-24 13:56:30.116  INFO 86787 --- [qtp94345706-16] c.l.g.s.controller.TypeWebController     : Creating Template for CreateTypeTemplate [id=null, type=Type [id=120, name=Cavanagh Project 2, parentId=[]]]
2019-04-24 13:56:30.127 ERROR 86787 --- [qtp94345706-16] o.s.b.w.servlet.support.ErrorPageFilter  : Forwarding to error page from request [/createType] due to exception [null]

java.lang.NullPointerException: null
	at com.lumar.googlecloud.service.controller.TypeWebController.createType(TypeWebController.java:37) ~[classes/:na]
	at sun.reflect.NativeMethodAccessorImpl.invoke0(Native Method) ~[na:1.8.0_201]
	at sun.reflect.NativeMethodAccessorImpl.invoke(NativeMethodAccessorImpl.java:62) ~[na:1.8.0_201]
	at sun.reflect.DelegatingMethodAccessorImpl.invoke(DelegatingMethodAccessorImpl.java:43) ~[na:1.8.0_201]
	at java.lang.reflect.Method.invoke(Method.java:498) ~[na:1.8.0_201]
	at org.springframework.web.method.support.InvocableHandlerMethod.doInvoke(InvocableHandlerMethod.java:209) ~[spring-web-5.0.8.RELEASE.jar:5.0.8.RELEASE]
	at org.springframework.web.method.support.InvocableHandlerMethod.invokeForRequest(InvocableHandlerMethod.java:136) ~[spring-web-5.0.8.RELEASE.jar:5.0.8.RELEASE]
	at org.springframework.web.servlet.mvc.method.annotation.ServletInvocableHandlerMethod.invokeAndHandle(ServletInvocableHandlerMethod.java:102) ~[spring-webmvc-5.0.8.RELEASE.jar:5.0.8.RELEASE]
	at org.springframework.web.servlet.mvc.method.annotation.RequestMappingHandlerAdapter.invokeHandlerMethod(RequestMappingHandlerAdapter.java:877) ~[spring-webmvc-5.0.8.RELEASE.jar:5.0.8.RELEASE]
	at org.springframework.web.servlet.mvc.method.annotation.RequestMappingHandlerAdapter.handleInternal(RequestMappingHandlerAdapter.java:783) ~[spring-webmvc-5.0.8.RELEASE.jar:5.0.8.RELEASE]
	at org.springframework.web.servlet.mvc.method.AbstractHandlerMethodAdapter.handle(AbstractHandlerMethodAdapter.java:87) ~[spring-webmvc-5.0.8.RELEASE.jar:5.0.8.RELEASE]
	at org.springframework.web.servlet.DispatcherServlet.doDispatch(DispatcherServlet.java:991) ~[spring-webmvc-5.0.8.RELEASE.jar:5.0.8.RELEASE]
	at org.springframework.web.servlet.DispatcherServlet.doService(DispatcherServlet.java:925) ~[spring-webmvc-5.0.8.RELEASE.jar:5.0.8.RELEASE]
	at org.springframework.web.servlet.FrameworkServlet.processRequest(FrameworkServlet.java:974) ~[spring-webmvc-5.0.8.RELEASE.jar:5.0.8.RELEASE]
	at org.springframework.web.servlet.FrameworkServlet.doPost(FrameworkServlet.java:877) ~[spring-webmvc-5.0.8.RELEASE.jar:5.0.8.RELEASE]
	at javax.servlet.http.HttpServlet.service(HttpServlet.java:707) ~[servlet-api-3.1.jar:3.1.0]
	at org.springframework.web.servlet.FrameworkServlet.service(FrameworkServlet.java:851) ~[spring-webmvc-5.0.8.RELEASE.jar:5.0.8.RELEASE]
	at javax.servlet.http.HttpServlet.service(HttpServlet.java:790) ~[servlet-api-3.1.jar:3.1.0]
	at org.eclipse.jetty.servlet.ServletHolder.handle(ServletHolder.java:867) ~[na:na]
	at org.eclipse.jetty.servlet.ServletHandler$CachedChain.doFilter(ServletHandler.java:1623) [jetty-servlet-9.4.14.v20181114.jar:9.4.14.v20181114]
	at com.google.appengine.tools.development.ResponseRewriterFilter.doFilter(ResponseRewriterFilter.java:134) ~[na:na]
	at org.eclipse.jetty.servlet.ServletHandler$CachedChain.doFilter(ServletHandler.java:1610) [jetty-servlet-9.4.14.v20181114.jar:9.4.14.v20181114]
	at com.google.appengine.tools.development.HeaderVerificationFilter.doFilter(HeaderVerificationFilter.java:34) ~[appengine-local-runtime.jar:na]
	at org.eclipse.jetty.servlet.ServletHandler$CachedChain.doFilter(ServletHandler.java:1610) [jetty-servlet-9.4.14.v20181114.jar:9.4.14.v20181114]
	at com.google.appengine.api.blobstore.dev.ServeBlobFilter.doFilter(ServeBlobFilter.java:63) ~[appengine-api-stubs.jar:na]
	at org.eclipse.jetty.servlet.ServletHandler$CachedChain.doFilter(ServletHandler.java:1610) [jetty-servlet-9.4.14.v20181114.jar:9.4.14.v20181114]
	at com.google.apphosting.utils.servlet.TransactionCleanupFilter.doFilter(TransactionCleanupFilter.java:48) ~[appengine-api.jar:na]
	at org.eclipse.jetty.servlet.ServletHandler$CachedChain.doFilter(ServletHandler.java:1610) [jetty-servlet-9.4.14.v20181114.jar:9.4.14.v20181114]
	at com.google.appengine.tools.development.jetty9.StaticFileFilter.doFilter(StaticFileFilter.java:123) ~[appengine-local-runtime.jar:na]
	at org.eclipse.jetty.servlet.ServletHandler$CachedChain.doFilter(ServletHandler.java:1610) [jetty-servlet-9.4.14.v20181114.jar:9.4.14.v20181114]
	at com.google.appengine.tools.development.DevAppServerModulesFilter.doDirectRequest(DevAppServerModulesFilter.java:366) ~[appengine-local-runtime.jar:na]
	at com.google.appengine.tools.development.DevAppServerModulesFilter.doDirectModuleRequest(DevAppServerModulesFilter.java:349) ~[appengine-local-runtime.jar:na]
	at com.google.appengine.tools.development.DevAppServerModulesFilter.doFilter(DevAppServerModulesFilter.java:116) ~[appengine-local-runtime.jar:na]
	at org.eclipse.jetty.servlet.ServletHandler$CachedChain.doFilter(ServletHandler.java:1610) [jetty-servlet-9.4.14.v20181114.jar:9.4.14.v20181114]
	at com.google.appengine.tools.development.DevAppServerRequestLogFilter.doFilter(DevAppServerRequestLogFilter.java:44) ~[appengine-local-runtime.jar:na]
	at org.eclipse.jetty.servlet.ServletHandler$CachedChain.doFilter(ServletHandler.java:1602) [jetty-servlet-9.4.14.v20181114.jar:9.4.14.v20181114]
	at org.springframework.web.filter.RequestContextFilter.doFilterInternal(RequestContextFilter.java:99) ~[spring-web-5.0.8.RELEASE.jar:5.0.8.RELEASE]
	at org.springframework.web.filter.OncePerRequestFilter.doFilter(OncePerRequestFilter.java:107) [spring-web-5.0.8.RELEASE.jar:5.0.8.RELEASE]
	at org.eclipse.jetty.servlet.ServletHandler$CachedChain.doFilter(ServletHandler.java:1610) [jetty-servlet-9.4.14.v20181114.jar:9.4.14.v20181114]
	at org.springframework.web.filter.HttpPutFormContentFilter.doFilterInternal(HttpPutFormContentFilter.java:109) ~[spring-web-5.0.8.RELEASE.jar:5.0.8.RELEASE]
	at org.springframework.web.filter.OncePerRequestFilter.doFilter(OncePerRequestFilter.java:107) [spring-web-5.0.8.RELEASE.jar:5.0.8.RELEASE]
	at org.eclipse.jetty.servlet.ServletHandler$CachedChain.doFilter(ServletHandler.java:1610) [jetty-servlet-9.4.14.v20181114.jar:9.4.14.v20181114]
	at org.springframework.web.filter.HiddenHttpMethodFilter.doFilterInternal(HiddenHttpMethodFilter.java:93) ~[spring-web-5.0.8.RELEASE.jar:5.0.8.RELEASE]
	at org.springframework.web.filter.OncePerRequestFilter.doFilter(OncePerRequestFilter.java:107) [spring-web-5.0.8.RELEASE.jar:5.0.8.RELEASE]
	at org.eclipse.jetty.servlet.ServletHandler$CachedChain.doFilter(ServletHandler.java:1610) [jetty-servlet-9.4.14.v20181114.jar:9.4.14.v20181114]
	at org.springframework.boot.web.servlet.support.ErrorPageFilter.doFilter(ErrorPageFilter.java:130) [spring-boot-2.0.4.RELEASE.jar:2.0.4.RELEASE]
	at org.springframework.boot.web.servlet.support.ErrorPageFilter.access$000(ErrorPageFilter.java:66) [spring-boot-2.0.4.RELEASE.jar:2.0.4.RELEASE]
	at org.springframework.boot.web.servlet.support.ErrorPageFilter$1.doFilterInternal(ErrorPageFilter.java:105) [spring-boot-2.0.4.RELEASE.jar:2.0.4.RELEASE]
	at org.springframework.web.filter.OncePerRequestFilter.doFilter(OncePerRequestFilter.java:107) [spring-web-5.0.8.RELEASE.jar:5.0.8.RELEASE]
	at org.springframework.boot.web.servlet.support.ErrorPageFilter.doFilter(ErrorPageFilter.java:123) [spring-boot-2.0.4.RELEASE.jar:2.0.4.RELEASE]
	at org.eclipse.jetty.servlet.ServletHandler$CachedChain.doFilter(ServletHandler.java:1610) [jetty-servlet-9.4.14.v20181114.jar:9.4.14.v20181114]
	at org.springframework.web.filter.CharacterEncodingFilter.doFilterInternal(CharacterEncodingFilter.java:200) [spring-web-5.0.8.RELEASE.jar:5.0.8.RELEASE]
	at org.springframework.web.filter.OncePerRequestFilter.doFilter(OncePerRequestFilter.java:107) [spring-web-5.0.8.RELEASE.jar:5.0.8.RELEASE]
	at org.eclipse.jetty.servlet.ServletHandler$CachedChain.doFilter(ServletHandler.java:1610) [jetty-servlet-9.4.14.v20181114.jar:9.4.14.v20181114]
	at org.eclipse.jetty.servlet.ServletHandler.doHandle(ServletHandler.java:540) [jetty-servlet-9.4.14.v20181114.jar:9.4.14.v20181114]
	at org.eclipse.jetty.server.handler.ScopedHandler.handle(ScopedHandler.java:146) [jetty-server-9.4.14.v20181114.jar:9.4.14.v20181114]
	at org.eclipse.jetty.security.SecurityHandler.handle(SecurityHandler.java:524) [jetty-security-9.4.14.v20181114.jar:9.4.14.v20181114]
	at org.eclipse.jetty.server.handler.HandlerWrapper.handle(HandlerWrapper.java:132) [jetty-server-9.4.14.v20181114.jar:9.4.14.v20181114]
	at org.eclipse.jetty.server.handler.ScopedHandler.nextHandle(ScopedHandler.java:257) [jetty-server-9.4.14.v20181114.jar:9.4.14.v20181114]
	at org.eclipse.jetty.server.session.SessionHandler.doHandle(SessionHandler.java:1588) [jetty-server-9.4.14.v20181114.jar:9.4.14.v20181114]
	at org.eclipse.jetty.server.handler.ScopedHandler.nextHandle(ScopedHandler.java:255) [jetty-server-9.4.14.v20181114.jar:9.4.14.v20181114]
	at org.eclipse.jetty.server.handler.ContextHandler.doHandle(ContextHandler.java:1345) [jetty-server-9.4.14.v20181114.jar:9.4.14.v20181114]
	at org.eclipse.jetty.server.handler.ScopedHandler.nextScope(ScopedHandler.java:203) [jetty-server-9.4.14.v20181114.jar:9.4.14.v20181114]
	at org.eclipse.jetty.servlet.ServletHandler.doScope(ServletHandler.java:480) [jetty-servlet-9.4.14.v20181114.jar:9.4.14.v20181114]
	at org.eclipse.jetty.server.session.SessionHandler.doScope(SessionHandler.java:1557) [jetty-server-9.4.14.v20181114.jar:9.4.14.v20181114]
	at org.eclipse.jetty.server.handler.ScopedHandler.nextScope(ScopedHandler.java:201) [jetty-server-9.4.14.v20181114.jar:9.4.14.v20181114]
	at org.eclipse.jetty.server.handler.ContextHandler.doScope(ContextHandler.java:1247) [jetty-server-9.4.14.v20181114.jar:9.4.14.v20181114]
	at com.google.appengine.tools.development.jetty9.DevAppEngineWebAppContext.doScope(DevAppEngineWebAppContext.java:94) [appengine-local-runtime.jar:na]
	at org.eclipse.jetty.server.handler.ScopedHandler.handle(ScopedHandler.java:144) [jetty-server-9.4.14.v20181114.jar:9.4.14.v20181114]
	at org.eclipse.jetty.server.handler.HandlerWrapper.handle(HandlerWrapper.java:132) [jetty-server-9.4.14.v20181114.jar:9.4.14.v20181114]
	at com.google.appengine.tools.development.jetty9.JettyContainerService$ApiProxyHandler.handle(JettyContainerService.java:595) [appengine-local-runtime.jar:na]
	at org.eclipse.jetty.server.handler.HandlerWrapper.handle(HandlerWrapper.java:132) [jetty-server-9.4.14.v20181114.jar:9.4.14.v20181114]
	at org.eclipse.jetty.server.Server.handle(Server.java:502) [jetty-server-9.4.14.v20181114.jar:9.4.14.v20181114]
	at org.eclipse.jetty.server.HttpChannel.handle(HttpChannel.java:364) [jetty-server-9.4.14.v20181114.jar:9.4.14.v20181114]
	at org.eclipse.jetty.server.HttpConnection.onFillable(HttpConnection.java:260) [jetty-server-9.4.14.v20181114.jar:9.4.14.v20181114]
	at org.eclipse.jetty.io.AbstractConnection$ReadCallback.succeeded(AbstractConnection.java:305) [jetty-io-9.4.14.v20181114.jar:9.4.14.v20181114]
	at org.eclipse.jetty.io.FillInterest.fillable(FillInterest.java:103) [jetty-io-9.4.14.v20181114.jar:9.4.14.v20181114]
	at org.eclipse.jetty.io.ChannelEndPoint$2.run(ChannelEndPoint.java:118) [jetty-io-9.4.14.v20181114.jar:9.4.14.v20181114]
	at org.eclipse.jetty.util.thread.strategy.EatWhatYouKill.runTask(EatWhatYouKill.java:333) [jetty-util-9.4.14.v20181114.jar:9.4.14.v20181114]
	at org.eclipse.jetty.util.thread.strategy.EatWhatYouKill.doProduce(EatWhatYouKill.java:310) [jetty-util-9.4.14.v20181114.jar:9.4.14.v20181114]
	at org.eclipse.jetty.util.thread.strategy.EatWhatYouKill.tryProduce(EatWhatYouKill.java:168) [jetty-util-9.4.14.v20181114.jar:9.4.14.v20181114]
	at org.eclipse.jetty.util.thread.strategy.EatWhatYouKill.produce(EatWhatYouKill.java:132) [jetty-util-9.4.14.v20181114.jar:9.4.14.v20181114]
	at org.eclipse.jetty.util.thread.QueuedThreadPool.runJob(QueuedThreadPool.java:765) ~[jetty-util-9.4.14.v20181114.jar:9.4.14.v20181114]
	at org.eclipse.jetty.util.thread.QueuedThreadPool$2.run(QueuedThreadPool.java:683) ~[jetty-util-9.4.14.v20181114.jar:9.4.14.v20181114]
	at java.lang.Thread.run(Thread.java:748) ~[na:1.8.0_201]

2019-04-24 14:12:03.548  INFO 87095 --- [main] c.l.g.service.ServletInitializer         : Starting ServletInitializer on ITG-MBP-000930.local with PID 87095 (/Users/anthonycavanagh/workdev/ResearchAndDev/googlecloud/typewebserice/target/typewebservice-1.0-SNAPSHOT/WEB-INF/classes started by anthonycavanagh in /Users/anthonycavanagh/workdev/ResearchAndDev/googlecloud/typewebserice/target/typewebservice-1.0-SNAPSHOT)
2019-04-24 14:12:03.552 DEBUG 87095 --- [main] c.l.g.service.ServletInitializer         : Running with Spring Boot v2.0.4.RELEASE, Spring v5.0.8.RELEASE
2019-04-24 14:12:03.554  INFO 87095 --- [main] c.l.g.service.ServletInitializer         : No active profile set, falling back to default profiles: default
2019-04-24 14:12:05.593  INFO 87095 --- [main] c.l.g.service.ServletInitializer         : Started ServletInitializer in 2.562 seconds (JVM running for 4.228)
2019-04-24 14:13:10.529  INFO 87095 --- [qtp94345706-25] c.l.g.s.controller.TypeWebController     : Creating Template for CreateTypeTemplate [parentId=100, type=Type [id=1001, name=Cavanagh Project 2, parentId=[]]]
2019-04-24 14:13:10.529  INFO 87095 --- [qtp94345706-25] c.l.g.s.datastore.DataStoreServiceImpl   : Creating for Type [id=1001, name=Cavanagh Project 2, parentId=[]]
2019-04-24 14:13:11.325  INFO 87095 --- [qtp94345706-25] c.l.g.s.datastore.DataStoreServiceImpl   : Saving enity TypeTemplate [id=1001, name=Cavanagh Project 2, parentId=[100]]
2019-04-24 14:13:45.766  INFO 87155 --- [main] c.l.g.service.ServletInitializer         : Starting ServletInitializer on ITG-MBP-000930.local with PID 87155 (/Users/anthonycavanagh/workdev/ResearchAndDev/googlecloud/typewebserice/target/typewebservice-1.0-SNAPSHOT/WEB-INF/classes started by anthonycavanagh in /Users/anthonycavanagh/workdev/ResearchAndDev/googlecloud/typewebserice/target/typewebservice-1.0-SNAPSHOT)
2019-04-24 14:13:45.775 DEBUG 87155 --- [main] c.l.g.service.ServletInitializer         : Running with Spring Boot v2.0.4.RELEASE, Spring v5.0.8.RELEASE
2019-04-24 14:13:45.778  INFO 87155 --- [main] c.l.g.service.ServletInitializer         : No active profile set, falling back to default profiles: default
2019-04-24 14:13:47.796  INFO 87155 --- [main] c.l.g.service.ServletInitializer         : Started ServletInitializer in 2.525 seconds (JVM running for 4.122)
2019-04-24 14:14:09.425  INFO 87155 --- [qtp94345706-25] c.l.g.s.controller.TypeWebController     : Find Type 1001
2019-04-24 14:14:09.425  INFO 87155 --- [qtp94345706-25] c.l.g.s.datastore.DataStoreServiceImpl   : Search typestore for  type 1001
2019-04-24 14:14:10.103  INFO 87155 --- [qtp94345706-25] c.l.g.s.datastore.DataStoreServiceImpl   : Returning  Type [id=1001, name=Cavanagh Project 2, parentId=[100]]
2019-04-24 14:14:10.103  INFO 87155 --- [qtp94345706-25] c.l.g.s.controller.TypeWebController     : Return Type Type [id=1001, name=Cavanagh Project 2, parentId=[100]]
2019-04-24 14:14:10.172  INFO 87155 --- [qtp94345706-21] c.l.g.s.controller.TypeWebController     : Find fields  for Type FieldsByTypesRequests [subTypeId=1001, typeIds=[100]]
2019-04-24 14:14:10.172  INFO 87155 --- [qtp94345706-21] c.l.g.s.datastore.DataStoreServiceImpl   : Finding fields for FieldsByTypesRequests [subTypeId=1001, typeIds=[100]]
2019-04-24 14:57:45.363  INFO 87155 --- [qtp94345706-604] c.l.g.s.controller.TypeWebController     : Find fields  for Type 100
2019-04-24 14:57:45.364  INFO 87155 --- [qtp94345706-604] c.l.g.s.datastore.DataStoreServiceImpl   : Finding fields for 100
